GeoMinder/gradle/app/build/tmp/compileDebugJavaWithJavac/intermediates/annotation_processor_list/debug/javaPreCompileDebug/manifest_merge_blame_file/debug/processDebugMainManifest/manifest-merger-blame-debug-report.txt
1<?xml version="1.0" encoding="utf-8"?>
2<manifest xmlns:android="http://schemas.android.com/apk/res/android"
3    package="com.example.geominder"
4    android:versionCode="1"
5    android:versionName="1.0" >
6
7    <uses-sdk
8        android:minSdkVersion="26"
9        android:targetSdkVersion="34" />
10
11    <uses-permission android:name="android.permission.ACCESS_FINE_LOCATION" />
11-->src\main\AndroidManifest.xml:6:5-79
11-->src\main\AndroidManifest.xml:6:22-76
12    <uses-permission android:name="android.permission.ACCESS_COARSE_LOCATION" />
12-->src\main\AndroidManifest.xml:7:5-81
12-->src\main\AndroidManifest.xml:7:22-78
13    <uses-permission android:name="android.permission.ACCESS_BACKGROUND_LOCATION" />
13-->src\main\AndroidManifest.xml:8:5-85
13-->src\main\AndroidManifest.xml:8:22-82
14    <uses-permission android:name="android.permission.INTERNET" />
14-->src\main\AndroidManifest.xml:9:5-67
14-->src\main\AndroidManifest.xml:9:22-64
15    <uses-permission android:name="android.permission.ACCESS_NETWORK_STATE" />
15-->src\main\AndroidManifest.xml:10:5-79
15-->src\main\AndroidManifest.xml:10:22-76
16    <uses-permission android:name="android.permission.ACCESS_WIFI_STATE" />
16-->[com.google.android.libraries.places:places:3.0.0] AndroidManifest.xml:11:5-76
16-->[com.google.android.libraries.places:places:3.0.0] AndroidManifest.xml:11:22-73
17
18    <uses-feature
18-->[com.google.android.gms:play-services-maps:18.0.0] AndroidManifest.xml:26:5-28:35
19        android:glEsVersion="0x00020000"
19-->[com.google.android.gms:play-services-maps:18.0.0] AndroidManifest.xml:27:9-41
20        android:required="true" />
20-->[com.google.android.gms:play-services-maps:18.0.0] AndroidManifest.xml:28:9-32
21
22    <queries>
22-->[com.google.android.gms:play-services-maps:18.0.0] AndroidManifest.xml:30:5-34:15
23
24        <!-- Needs to be explicitly declared on Android R+ -->
25        <package android:name="com.google.android.apps.maps" />
25-->[com.google.android.gms:play-services-maps:18.0.0] AndroidManifest.xml:33:9-64
25-->[com.google.android.gms:play-services-maps:18.0.0] AndroidManifest.xml:33:18-61
26    </queries>
27
28    <uses-permission android:name="android.permission.POST_NOTIFICATIONS" />
28-->[com.google.firebase:firebase-messaging:24.1.0] AndroidManifest.xml:23:5-77
28-->[com.google.firebase:firebase-messaging:24.1.0] AndroidManifest.xml:23:22-74
29    <uses-permission android:name="android.permission.WAKE_LOCK" /> <!-- Required by older versions of Google Play services to create IID tokens -->
29-->[com.google.firebase:firebase-messaging:24.1.0] AndroidManifest.xml:24:5-68
29-->[com.google.firebase:firebase-messaging:24.1.0] AndroidManifest.xml:24:22-65
30    <uses-permission android:name="com.google.android.c2dm.permission.RECEIVE" />
30-->[com.google.firebase:firebase-messaging:24.1.0] AndroidManifest.xml:26:5-82
30-->[com.google.firebase:firebase-messaging:24.1.0] AndroidManifest.xml:26:22-79
31    <uses-permission android:name="com.google.android.finsky.permission.BIND_GET_INSTALL_REFERRER_SERVICE" />
31-->[com.google.android.gms:play-services-measurement:22.1.2] AndroidManifest.xml:26:5-110
31-->[com.google.android.gms:play-services-measurement:22.1.2] AndroidManifest.xml:26:22-107
32    <uses-permission android:name="com.google.android.gms.permission.AD_ID" />
32-->[com.google.android.gms:play-services-measurement-api:22.1.2] AndroidManifest.xml:25:5-79
32-->[com.google.android.gms:play-services-measurement-api:22.1.2] AndroidManifest.xml:25:22-76
33    <uses-permission android:name="android.permission.ACCESS_ADSERVICES_ATTRIBUTION" />
33-->[com.google.android.gms:play-services-measurement-api:22.1.2] AndroidManifest.xml:26:5-88
33-->[com.google.android.gms:play-services-measurement-api:22.1.2] AndroidManifest.xml:26:22-85
34    <uses-permission android:name="android.permission.ACCESS_ADSERVICES_AD_ID" />
34-->[com.google.android.gms:play-services-measurement-api:22.1.2] AndroidManifest.xml:27:5-82
34-->[com.google.android.gms:play-services-measurement-api:22.1.2] AndroidManifest.xml:27:22-79
35    <uses-permission android:name="com.google.android.providers.gsf.permission.READ_GSERVICES" />
35-->[com.google.android.recaptcha:recaptcha:18.5.1] AndroidManifest.xml:9:5-98
35-->[com.google.android.recaptcha:recaptcha:18.5.1] AndroidManifest.xml:9:22-95
36    <uses-permission android:name="android.permission.RECEIVE_BOOT_COMPLETED" />
36-->[androidx.work:work-runtime:2.8.0] AndroidManifest.xml:25:5-81
36-->[androidx.work:work-runtime:2.8.0] AndroidManifest.xml:25:22-78
37    <uses-permission android:name="android.permission.FOREGROUND_SERVICE" />
37-->[androidx.work:work-runtime:2.8.0] AndroidManifest.xml:26:5-77
37-->[androidx.work:work-runtime:2.8.0] AndroidManifest.xml:26:22-74
38
39    <permission
39-->[androidx.core:core:1.13.0] AndroidManifest.xml:22:5-24:47
40        android:name="com.example.geominder.DYNAMIC_RECEIVER_NOT_EXPORTED_PERMISSION"
40-->[androidx.core:core:1.13.0] AndroidManifest.xml:23:9-81
41        android:protectionLevel="signature" />
41-->[androidx.core:core:1.13.0] AndroidManifest.xml:24:9-44
42
43    <uses-permission android:name="com.example.geominder.DYNAMIC_RECEIVER_NOT_EXPORTED_PERMISSION" />
43-->[androidx.core:core:1.13.0] AndroidManifest.xml:26:5-97
43-->[androidx.core:core:1.13.0] AndroidManifest.xml:26:22-94
44
45    <application
45-->src\main\AndroidManifest.xml:13:5-76:19
46        android:allowBackup="true"
46-->src\main\AndroidManifest.xml:14:9-35
47        android:appComponentFactory="androidx.core.app.CoreComponentFactory"
47-->[androidx.core:core:1.13.0] AndroidManifest.xml:28:18-86
48        android:dataExtractionRules="@xml/data_extraction_rules"
48-->src\main\AndroidManifest.xml:15:9-65
49        android:debuggable="true"
50        android:extractNativeLibs="false"
51        android:fullBackupContent="@xml/backup_rules"
51-->src\main\AndroidManifest.xml:16:9-54
52        android:icon="@mipmap/ic_launcher"
52-->src\main\AndroidManifest.xml:17:9-43
53        android:label="@string/app_name"
53-->src\main\AndroidManifest.xml:18:9-41
54        android:roundIcon="@mipmap/ic_launcher_round"
54-->src\main\AndroidManifest.xml:19:9-54
55        android:supportsRtl="true"
55-->src\main\AndroidManifest.xml:20:9-35
56        android:testOnly="true"
57        android:theme="@style/Theme.GeoMinder" >
57-->src\main\AndroidManifest.xml:21:9-47
58        <meta-data
58-->src\main\AndroidManifest.xml:23:9-25:54
59            android:name="com.google.android.maps.v2.API_KEY"
59-->src\main\AndroidManifest.xml:24:13-62
60            android:value="@string/google_maps_key" />
60-->src\main\AndroidManifest.xml:25:13-52
61
62        <activity android:name="com.example.geominder.ui.MainActivity" >
62-->src\main\AndroidManifest.xml:26:9-28:20
62-->src\main\AndroidManifest.xml:27:13-44
63        </activity>
64        <activity android:name="com.example.geominder.auth.SignUpActivity" >
64-->src\main\AndroidManifest.xml:29:9-30:20
64-->src\main\AndroidManifest.xml:29:19-54
65        </activity>
66        <activity android:name="com.example.geominder.auth.LoginActivity" >
66-->src\main\AndroidManifest.xml:31:9-33:20
66-->src\main\AndroidManifest.xml:32:13-47
67        </activity>
68        <activity
68-->src\main\AndroidManifest.xml:36:9-38:20
69            android:name="com.example.geominder.ui.UserActivity"
69-->src\main\AndroidManifest.xml:36:19-50
70            android:exported="true" >
70-->src\main\AndroidManifest.xml:37:13-36
71        </activity>
72        <activity
72-->src\main\AndroidManifest.xml:39:9-41:20
73            android:name="com.example.geominder.ui.HistoryActivity"
73-->src\main\AndroidManifest.xml:39:19-53
74            android:exported="true" >
74-->src\main\AndroidManifest.xml:40:13-36
75        </activity>
76        <activity
76-->src\main\AndroidManifest.xml:43:9-50:20
77            android:name="com.example.geominder.ui.LandingActivity"
77-->src\main\AndroidManifest.xml:44:13-47
78            android:exported="true" >
78-->src\main\AndroidManifest.xml:45:13-36
79            <intent-filter>
79-->src\main\AndroidManifest.xml:46:13-49:29
80                <action android:name="android.intent.action.MAIN" />
80-->src\main\AndroidManifest.xml:47:17-69
80-->src\main\AndroidManifest.xml:47:25-66
81
82                <category android:name="android.intent.category.LAUNCHER" />
82-->src\main\AndroidManifest.xml:48:17-77
82-->src\main\AndroidManifest.xml:48:27-74
83            </intent-filter>
84        </activity>
85        <activity android:name="com.example.geominder.ui.AboutActivity" >
85-->src\main\AndroidManifest.xml:51:9-53:20
85-->src\main\AndroidManifest.xml:52:13-45
86        </activity>
87        <activity android:name="com.example.geominder.ui.InputActivity" >
87-->src\main\AndroidManifest.xml:54:9-58:20
87-->src\main\AndroidManifest.xml:55:13-45
88        </activity>
89        <activity android:name="com.example.geominder.ui.DecisionActivity" >
89-->src\main\AndroidManifest.xml:59:9-61:20
89-->src\main\AndroidManifest.xml:60:13-48
90        </activity>
91
92        <service
92-->src\main\AndroidManifest.xml:62:9-67:56
93            android:name="com.example.geominder.services.LocationService"
93-->src\main\AndroidManifest.xml:64:13-53
94            android:enabled="true"
94-->src\main\AndroidManifest.xml:65:13-35
95            android:exported="false"
95-->src\main\AndroidManifest.xml:66:13-37
96            android:foregroundServiceType="location" />
96-->src\main\AndroidManifest.xml:67:13-53
97
98        <receiver
98-->src\main\AndroidManifest.xml:68:9-75:20
99            android:name="com.example.geominder.services.GeofenceBroadcastReceiver"
99-->src\main\AndroidManifest.xml:69:13-63
100            android:enabled="true"
100-->src\main\AndroidManifest.xml:70:13-35
101            android:exported="true" >
101-->src\main\AndroidManifest.xml:71:13-36
102            <intent-filter>
102-->src\main\AndroidManifest.xml:72:13-74:29
103                <action android:name="com.google.android.gms.location.GeofenceTransitionsIntentService" />
103-->src\main\AndroidManifest.xml:73:17-107
103-->src\main\AndroidManifest.xml:73:25-104
104            </intent-filter>
105        </receiver>
106
107        <activity
107-->[com.google.android.libraries.places:places:3.0.0] AndroidManifest.xml:15:9-21:20
108            android:name="com.google.android.libraries.places.widget.AutocompleteActivity"
108-->[com.google.android.libraries.places:places:3.0.0] AndroidManifest.xml:16:13-91
109            android:exported="false"
109-->[com.google.android.libraries.places:places:3.0.0] AndroidManifest.xml:17:13-37
110            android:label="@string/places_autocomplete_label"
110-->[com.google.android.libraries.places:places:3.0.0] AndroidManifest.xml:18:13-62
111            android:theme="@style/PlacesAutocompleteOverlay"
111-->[com.google.android.libraries.places:places:3.0.0] AndroidManifest.xml:19:13-61
112            android:windowSoftInputMode="adjustResize" >
112-->[com.google.android.libraries.places:places:3.0.0] AndroidManifest.xml:20:13-55
113        </activity> <!-- Needs to be explicitly declared on P+ -->
114        <uses-library
114-->[com.google.android.gms:play-services-maps:18.0.0] AndroidManifest.xml:39:9-41:40
115            android:name="org.apache.http.legacy"
115-->[com.google.android.gms:play-services-maps:18.0.0] AndroidManifest.xml:40:13-50
116            android:required="false" />
116-->[com.google.android.gms:play-services-maps:18.0.0] AndroidManifest.xml:41:13-37
117
118        <activity
118-->[com.google.firebase:firebase-auth:23.1.0] AndroidManifest.xml:29:9-46:20
119            android:name="com.google.firebase.auth.internal.GenericIdpActivity"
119-->[com.google.firebase:firebase-auth:23.1.0] AndroidManifest.xml:30:13-80
120            android:excludeFromRecents="true"
120-->[com.google.firebase:firebase-auth:23.1.0] AndroidManifest.xml:31:13-46
121            android:exported="true"
121-->[com.google.firebase:firebase-auth:23.1.0] AndroidManifest.xml:32:13-36
122            android:launchMode="singleTask"
122-->[com.google.firebase:firebase-auth:23.1.0] AndroidManifest.xml:33:13-44
123            android:theme="@android:style/Theme.Translucent.NoTitleBar" >
123-->[com.google.firebase:firebase-auth:23.1.0] AndroidManifest.xml:34:13-72
124            <intent-filter>
124-->[com.google.firebase:firebase-auth:23.1.0] AndroidManifest.xml:35:13-45:29
125                <action android:name="android.intent.action.VIEW" />
125-->[com.google.firebase:firebase-auth:23.1.0] AndroidManifest.xml:36:17-69
125-->[com.google.firebase:firebase-auth:23.1.0] AndroidManifest.xml:36:25-66
126
127                <category android:name="android.intent.category.DEFAULT" />
127-->[com.google.firebase:firebase-auth:23.1.0] AndroidManifest.xml:38:17-76
127-->[com.google.firebase:firebase-auth:23.1.0] AndroidManifest.xml:38:27-73
128                <category android:name="android.intent.category.BROWSABLE" />
128-->[com.google.firebase:firebase-auth:23.1.0] AndroidManifest.xml:39:17-78
128-->[com.google.firebase:firebase-auth:23.1.0] AndroidManifest.xml:39:27-75
129
130                <data
130-->[com.google.firebase:firebase-auth:23.1.0] AndroidManifest.xml:41:17-44:51
131                    android:host="firebase.auth"
131-->[com.google.firebase:firebase-auth:23.1.0] AndroidManifest.xml:42:21-49
132                    android:path="/"
132-->[com.google.firebase:firebase-auth:23.1.0] AndroidManifest.xml:43:21-37
133                    android:scheme="genericidp" />
133-->[com.google.firebase:firebase-auth:23.1.0] AndroidManifest.xml:44:21-48
134            </intent-filter>
135        </activity>
136        <activity
136-->[com.google.firebase:firebase-auth:23.1.0] AndroidManifest.xml:47:9-64:20
137            android:name="com.google.firebase.auth.internal.RecaptchaActivity"
137-->[com.google.firebase:firebase-auth:23.1.0] AndroidManifest.xml:48:13-79
138            android:excludeFromRecents="true"
138-->[com.google.firebase:firebase-auth:23.1.0] AndroidManifest.xml:49:13-46
139            android:exported="true"
139-->[com.google.firebase:firebase-auth:23.1.0] AndroidManifest.xml:50:13-36
140            android:launchMode="singleTask"
140-->[com.google.firebase:firebase-auth:23.1.0] AndroidManifest.xml:51:13-44
141            android:theme="@android:style/Theme.Translucent.NoTitleBar" >
141-->[com.google.firebase:firebase-auth:23.1.0] AndroidManifest.xml:52:13-72
142            <intent-filter>
142-->[com.google.firebase:firebase-auth:23.1.0] AndroidManifest.xml:53:13-63:29
143                <action android:name="android.intent.action.VIEW" />
143-->[com.google.firebase:firebase-auth:23.1.0] AndroidManifest.xml:36:17-69
143-->[com.google.firebase:firebase-auth:23.1.0] AndroidManifest.xml:36:25-66
144
145                <category android:name="android.intent.category.DEFAULT" />
145-->[com.google.firebase:firebase-auth:23.1.0] AndroidManifest.xml:38:17-76
145-->[com.google.firebase:firebase-auth:23.1.0] AndroidManifest.xml:38:27-73
146                <category android:name="android.intent.category.BROWSABLE" />
146-->[com.google.firebase:firebase-auth:23.1.0] AndroidManifest.xml:39:17-78
146-->[com.google.firebase:firebase-auth:23.1.0] AndroidManifest.xml:39:27-75
147
148                <data
148-->[com.google.firebase:firebase-auth:23.1.0] AndroidManifest.xml:41:17-44:51
149                    android:host="firebase.auth"
149-->[com.google.firebase:firebase-auth:23.1.0] AndroidManifest.xml:42:21-49
150                    android:path="/"
150-->[com.google.firebase:firebase-auth:23.1.0] AndroidManifest.xml:43:21-37
151                    android:scheme="recaptcha" />
151-->[com.google.firebase:firebase-auth:23.1.0] AndroidManifest.xml:44:21-48
152            </intent-filter>
153        </activity>
154
155        <service
155-->[com.google.firebase:firebase-auth:23.1.0] AndroidManifest.xml:66:9-72:19
156            android:name="com.google.firebase.components.ComponentDiscoveryService"
156-->[com.google.firebase:firebase-auth:23.1.0] AndroidManifest.xml:67:13-84
157            android:directBootAware="true"
157-->[com.google.firebase:firebase-common:21.0.0] AndroidManifest.xml:32:13-43
158            android:exported="false" >
158-->[com.google.firebase:firebase-auth:23.1.0] AndroidManifest.xml:68:13-37
159            <meta-data
159-->[com.google.firebase:firebase-auth:23.1.0] AndroidManifest.xml:69:13-71:85
160                android:name="com.google.firebase.components:com.google.firebase.auth.FirebaseAuthRegistrar"
160-->[com.google.firebase:firebase-auth:23.1.0] AndroidManifest.xml:70:17-109
161                android:value="com.google.firebase.components.ComponentRegistrar" />
161-->[com.google.firebase:firebase-auth:23.1.0] AndroidManifest.xml:71:17-82
162            <meta-data
162-->[com.google.firebase:firebase-firestore:25.1.1] AndroidManifest.xml:17:13-19:85
163                android:name="com.google.firebase.components:com.google.firebase.firestore.FirebaseFirestoreKtxRegistrar"
163-->[com.google.firebase:firebase-firestore:25.1.1] AndroidManifest.xml:18:17-122
164                android:value="com.google.firebase.components.ComponentRegistrar" />
164-->[com.google.firebase:firebase-firestore:25.1.1] AndroidManifest.xml:19:17-82
165            <meta-data
165-->[com.google.firebase:firebase-firestore:25.1.1] AndroidManifest.xml:20:13-22:85
166                android:name="com.google.firebase.components:com.google.firebase.firestore.FirestoreRegistrar"
166-->[com.google.firebase:firebase-firestore:25.1.1] AndroidManifest.xml:21:17-111
167                android:value="com.google.firebase.components.ComponentRegistrar" />
167-->[com.google.firebase:firebase-firestore:25.1.1] AndroidManifest.xml:22:17-82
168            <meta-data
168-->[com.google.firebase:firebase-messaging:24.1.0] AndroidManifest.xml:57:13-59:85
169                android:name="com.google.firebase.components:com.google.firebase.messaging.FirebaseMessagingKtxRegistrar"
169-->[com.google.firebase:firebase-messaging:24.1.0] AndroidManifest.xml:58:17-122
170                android:value="com.google.firebase.components.ComponentRegistrar" />
170-->[com.google.firebase:firebase-messaging:24.1.0] AndroidManifest.xml:59:17-82
171            <meta-data
171-->[com.google.firebase:firebase-messaging:24.1.0] AndroidManifest.xml:60:13-62:85
172                android:name="com.google.firebase.components:com.google.firebase.messaging.FirebaseMessagingRegistrar"
172-->[com.google.firebase:firebase-messaging:24.1.0] AndroidManifest.xml:61:17-119
173                android:value="com.google.firebase.components.ComponentRegistrar" />
173-->[com.google.firebase:firebase-messaging:24.1.0] AndroidManifest.xml:62:17-82
174            <meta-data
174-->[com.google.android.gms:play-services-measurement-api:22.1.2] AndroidManifest.xml:37:13-39:85
175                android:name="com.google.firebase.components:com.google.firebase.analytics.connector.internal.AnalyticsConnectorRegistrar"
175-->[com.google.android.gms:play-services-measurement-api:22.1.2] AndroidManifest.xml:38:17-139
176                android:value="com.google.firebase.components.ComponentRegistrar" />
176-->[com.google.android.gms:play-services-measurement-api:22.1.2] AndroidManifest.xml:39:17-82
177            <meta-data
177-->[com.google.firebase:firebase-installations:18.0.0] AndroidManifest.xml:15:13-17:85
178                android:name="com.google.firebase.components:com.google.firebase.installations.FirebaseInstallationsKtxRegistrar"
178-->[com.google.firebase:firebase-installations:18.0.0] AndroidManifest.xml:16:17-130
179                android:value="com.google.firebase.components.ComponentRegistrar" />
179-->[com.google.firebase:firebase-installations:18.0.0] AndroidManifest.xml:17:17-82
180            <meta-data
180-->[com.google.firebase:firebase-installations:18.0.0] AndroidManifest.xml:18:13-20:85
181                android:name="com.google.firebase.components:com.google.firebase.installations.FirebaseInstallationsRegistrar"
181-->[com.google.firebase:firebase-installations:18.0.0] AndroidManifest.xml:19:17-127
182                android:value="com.google.firebase.components.ComponentRegistrar" />
182-->[com.google.firebase:firebase-installations:18.0.0] AndroidManifest.xml:20:17-82
183            <meta-data
183-->[com.google.firebase:firebase-common-ktx:21.0.0] AndroidManifest.xml:12:13-14:85
184                android:name="com.google.firebase.components:com.google.firebase.ktx.FirebaseCommonLegacyRegistrar"
184-->[com.google.firebase:firebase-common-ktx:21.0.0] AndroidManifest.xml:13:17-116
185                android:value="com.google.firebase.components.ComponentRegistrar" />
185-->[com.google.firebase:firebase-common-ktx:21.0.0] AndroidManifest.xml:14:17-82
186            <meta-data
186-->[com.google.firebase:firebase-common:21.0.0] AndroidManifest.xml:35:13-37:85
187                android:name="com.google.firebase.components:com.google.firebase.FirebaseCommonKtxRegistrar"
187-->[com.google.firebase:firebase-common:21.0.0] AndroidManifest.xml:36:17-109
188                android:value="com.google.firebase.components.ComponentRegistrar" />
188-->[com.google.firebase:firebase-common:21.0.0] AndroidManifest.xml:37:17-82
189            <meta-data
189-->[com.google.firebase:firebase-datatransport:18.2.0] AndroidManifest.xml:25:13-27:85
190                android:name="com.google.firebase.components:com.google.firebase.datatransport.TransportRegistrar"
190-->[com.google.firebase:firebase-datatransport:18.2.0] AndroidManifest.xml:26:17-115
191                android:value="com.google.firebase.components.ComponentRegistrar" />
191-->[com.google.firebase:firebase-datatransport:18.2.0] AndroidManifest.xml:27:17-82
192        </service>
193
194        <receiver
194-->[com.google.firebase:firebase-messaging:24.1.0] AndroidManifest.xml:29:9-40:20
195            android:name="com.google.firebase.iid.FirebaseInstanceIdReceiver"
195-->[com.google.firebase:firebase-messaging:24.1.0] AndroidManifest.xml:30:13-78
196            android:exported="true"
196-->[com.google.firebase:firebase-messaging:24.1.0] AndroidManifest.xml:31:13-36
197            android:permission="com.google.android.c2dm.permission.SEND" >
197-->[com.google.firebase:firebase-messaging:24.1.0] AndroidManifest.xml:32:13-73
198            <intent-filter>
198-->[com.google.firebase:firebase-messaging:24.1.0] AndroidManifest.xml:33:13-35:29
199                <action android:name="com.google.android.c2dm.intent.RECEIVE" />
199-->[com.google.firebase:firebase-messaging:24.1.0] AndroidManifest.xml:34:17-81
199-->[com.google.firebase:firebase-messaging:24.1.0] AndroidManifest.xml:34:25-78
200            </intent-filter>
201
202            <meta-data
202-->[com.google.firebase:firebase-messaging:24.1.0] AndroidManifest.xml:37:13-39:40
203                android:name="com.google.android.gms.cloudmessaging.FINISHED_AFTER_HANDLED"
203-->[com.google.firebase:firebase-messaging:24.1.0] AndroidManifest.xml:38:17-92
204                android:value="true" />
204-->[com.google.firebase:firebase-messaging:24.1.0] AndroidManifest.xml:39:17-37
205        </receiver>
206        <!--
207             FirebaseMessagingService performs security checks at runtime,
208             but set to not exported to explicitly avoid allowing another app to call it.
209        -->
210        <service
210-->[com.google.firebase:firebase-messaging:24.1.0] AndroidManifest.xml:46:9-53:19
211            android:name="com.google.firebase.messaging.FirebaseMessagingService"
211-->[com.google.firebase:firebase-messaging:24.1.0] AndroidManifest.xml:47:13-82
212            android:directBootAware="true"
212-->[com.google.firebase:firebase-messaging:24.1.0] AndroidManifest.xml:48:13-43
213            android:exported="false" >
213-->[com.google.firebase:firebase-messaging:24.1.0] AndroidManifest.xml:49:13-37
214            <intent-filter android:priority="-500" >
214-->[com.google.firebase:firebase-messaging:24.1.0] AndroidManifest.xml:50:13-52:29
214-->[com.google.firebase:firebase-messaging:24.1.0] AndroidManifest.xml:50:28-51
215                <action android:name="com.google.firebase.MESSAGING_EVENT" />
215-->[com.google.firebase:firebase-messaging:24.1.0] AndroidManifest.xml:51:17-78
215-->[com.google.firebase:firebase-messaging:24.1.0] AndroidManifest.xml:51:25-75
216            </intent-filter>
217        </service>
218
219        <receiver
219-->[com.google.android.gms:play-services-measurement:22.1.2] AndroidManifest.xml:29:9-33:20
220            android:name="com.google.android.gms.measurement.AppMeasurementReceiver"
220-->[com.google.android.gms:play-services-measurement:22.1.2] AndroidManifest.xml:30:13-85
221            android:enabled="true"
221-->[com.google.android.gms:play-services-measurement:22.1.2] AndroidManifest.xml:31:13-35
222            android:exported="false" >
222-->[com.google.android.gms:play-services-measurement:22.1.2] AndroidManifest.xml:32:13-37
223        </receiver>
224
225        <service
225-->[com.google.android.gms:play-services-measurement:22.1.2] AndroidManifest.xml:35:9-38:40
226            android:name="com.google.android.gms.measurement.AppMeasurementService"
226-->[com.google.android.gms:play-services-measurement:22.1.2] AndroidManifest.xml:36:13-84
227            android:enabled="true"
227-->[com.google.android.gms:play-services-measurement:22.1.2] AndroidManifest.xml:37:13-35
228            android:exported="false" />
228-->[com.google.android.gms:play-services-measurement:22.1.2] AndroidManifest.xml:38:13-37
229        <service
229-->[com.google.android.gms:play-services-measurement:22.1.2] AndroidManifest.xml:39:9-43:72
230            android:name="com.google.android.gms.measurement.AppMeasurementJobService"
230-->[com.google.android.gms:play-services-measurement:22.1.2] AndroidManifest.xml:40:13-87
231            android:enabled="true"
231-->[com.google.android.gms:play-services-measurement:22.1.2] AndroidManifest.xml:41:13-35
232            android:exported="false"
232-->[com.google.android.gms:play-services-measurement:22.1.2] AndroidManifest.xml:42:13-37
233            android:permission="android.permission.BIND_JOB_SERVICE" />
233-->[com.google.android.gms:play-services-measurement:22.1.2] AndroidManifest.xml:43:13-69
234
235        <property
235-->[com.google.android.gms:play-services-measurement-api:22.1.2] AndroidManifest.xml:30:9-32:61
236            android:name="android.adservices.AD_SERVICES_CONFIG"
236-->[com.google.android.gms:play-services-measurement-api:22.1.2] AndroidManifest.xml:31:13-65
237            android:resource="@xml/ga_ad_services_config" />
237-->[com.google.android.gms:play-services-measurement-api:22.1.2] AndroidManifest.xml:32:13-58
238
239        <service
239-->[androidx.credentials:credentials-play-services-auth:1.2.0-rc01] AndroidManifest.xml:24:9-32:19
240            android:name="androidx.credentials.playservices.CredentialProviderMetadataHolder"
240-->[androidx.credentials:credentials-play-services-auth:1.2.0-rc01] AndroidManifest.xml:25:13-94
241            android:enabled="true"
241-->[androidx.credentials:credentials-play-services-auth:1.2.0-rc01] AndroidManifest.xml:26:13-35
242            android:exported="false" >
242-->[androidx.credentials:credentials-play-services-auth:1.2.0-rc01] AndroidManifest.xml:27:13-37
243            <meta-data
243-->[androidx.credentials:credentials-play-services-auth:1.2.0-rc01] AndroidManifest.xml:29:13-31:104
244                android:name="androidx.credentials.CREDENTIAL_PROVIDER_KEY"
244-->[androidx.credentials:credentials-play-services-auth:1.2.0-rc01] AndroidManifest.xml:30:17-76
245                android:value="androidx.credentials.playservices.CredentialProviderPlayServicesImpl" />
245-->[androidx.credentials:credentials-play-services-auth:1.2.0-rc01] AndroidManifest.xml:31:17-101
246        </service>
247
248        <activity
248-->[androidx.credentials:credentials-play-services-auth:1.2.0-rc01] AndroidManifest.xml:34:9-41:20
249            android:name="androidx.credentials.playservices.HiddenActivity"
249-->[androidx.credentials:credentials-play-services-auth:1.2.0-rc01] AndroidManifest.xml:35:13-76
250            android:configChanges="orientation|screenSize|screenLayout|keyboardHidden"
250-->[androidx.credentials:credentials-play-services-auth:1.2.0-rc01] AndroidManifest.xml:36:13-87
251            android:enabled="true"
251-->[androidx.credentials:credentials-play-services-auth:1.2.0-rc01] AndroidManifest.xml:37:13-35
252            android:exported="false"
252-->[androidx.credentials:credentials-play-services-auth:1.2.0-rc01] AndroidManifest.xml:38:13-37
253            android:fitsSystemWindows="true"
253-->[androidx.credentials:credentials-play-services-auth:1.2.0-rc01] AndroidManifest.xml:39:13-45
254            android:theme="@style/Theme.Hidden" >
254-->[androidx.credentials:credentials-play-services-auth:1.2.0-rc01] AndroidManifest.xml:40:13-48
255        </activity>
256        <activity
256-->[com.google.android.gms:play-services-auth:20.7.0] AndroidManifest.xml:23:9-27:75
257            android:name="com.google.android.gms.auth.api.signin.internal.SignInHubActivity"
257-->[com.google.android.gms:play-services-auth:20.7.0] AndroidManifest.xml:24:13-93
258            android:excludeFromRecents="true"
258-->[com.google.android.gms:play-services-auth:20.7.0] AndroidManifest.xml:25:13-46
259            android:exported="false"
259-->[com.google.android.gms:play-services-auth:20.7.0] AndroidManifest.xml:26:13-37
260            android:theme="@android:style/Theme.Translucent.NoTitleBar" />
260-->[com.google.android.gms:play-services-auth:20.7.0] AndroidManifest.xml:27:13-72
261        <!--
262            Service handling Google Sign-In user revocation. For apps that do not integrate with
263            Google Sign-In, this service will never be started.
264        -->
265        <service